Using pre-set license
Built from '2020.3/staging' branch; Version is '2020.3.21f1 (a38c86f6690f) revision 10718342'; Using compiler version '192528614'; Build Type 'Release'
OS: 'Windows 10 Pro; OS build 19044.1348; Version 2009; 64bit' Language: 'zh' Physical Memory: 32625 MB
BatchMode: 1, IsHumanControllingUs: 0, StartBugReporterOnCrash: 0, Is64bit: 1, IsPro: 0

COMMAND LINE ARGUMENTS:
C:\Program Files\Unity\Hub\Editor\2020.3.21f1\Editor\Unity.exe
-adb2
-batchMode
-noUpm
-name
AssetImportWorker1
-projectPath
C:/KID/Projects/Unity/Unity_Lion_Photon_Fusion_Tank_20211213/Lion_Photon_Fusion_Tank_20211213
-logFile
Logs/AssetImportWorker1.log
-srvPort
2278
Successfully changed project path to: C:/KID/Projects/Unity/Unity_Lion_Photon_Fusion_Tank_20211213/Lion_Photon_Fusion_Tank_20211213
C:/KID/Projects/Unity/Unity_Lion_Photon_Fusion_Tank_20211213/Lion_Photon_Fusion_Tank_20211213
Using Asset Import Pipeline V2.
Refreshing native plugins compatible for Editor in 49.29 ms, found 3 plugins.
Preloading 0 native plugins for Editor in 0.00 ms.
Initialize engine version: 2020.3.21f1 (a38c86f6690f)
[Subsystems] Discovering subsystems at path C:/Program Files/Unity/Hub/Editor/2020.3.21f1/Editor/Data/Resources/UnitySubsystems
[Subsystems] Discovering subsystems at path C:/KID/Projects/Unity/Unity_Lion_Photon_Fusion_Tank_20211213/Lion_Photon_Fusion_Tank_20211213/Assets
GfxDevice: creating device client; threaded=0
Direct3D:
    Version:  Direct3D 11.0 [level 11.1]
    Renderer: NVIDIA GeForce RTX 2070 with Max-Q Design (ID=0x1f10)
    Vendor:   
    VRAM:     8031 MB
    Driver:   27.21.14.6275
Initialize mono
Mono path[0] = 'C:/Program Files/Unity/Hub/Editor/2020.3.21f1/Editor/Data/Managed'
Mono path[1] = 'C:/Program Files/Unity/Hub/Editor/2020.3.21f1/Editor/Data/MonoBleedingEdge/lib/mono/unityjit'
Mono config path = 'C:/Program Files/Unity/Hub/Editor/2020.3.21f1/Editor/Data/MonoBleedingEdge/etc'
Using monoOptions --debugger-agent=transport=dt_socket,embedding=1,server=y,suspend=n,address=127.0.0.1:56204
Begin MonoManager ReloadAssembly
Registering precompiled unity dll's ...
Register platform support module: C:/Program Files/Unity/Hub/Editor/2020.3.21f1/Editor/Data/PlaybackEngines/WebGLSupport/UnityEditor.WebGL.Extensions.dll
Register platform support module: C:/Program Files/Unity/Hub/Editor/2020.3.21f1/Editor/Data/PlaybackEngines/WindowsStandaloneSupport/UnityEditor.WindowsStandalone.Extensions.dll
Registered in 0.002729 seconds.
Native extension for WindowsStandalone target not found
Native extension for WebGL target not found
Refreshing native plugins compatible for Editor in 49.10 ms, found 3 plugins.
Preloading 0 native plugins for Editor in 0.00 ms.
Mono: successfully reloaded assembly
- Completed reload, in  2.969 seconds
Domain Reload Profiling:
	ReloadAssembly (2970ms)
		BeginReloadAssembly (85ms)
			ExecutionOrderSort (0ms)
			DisableScriptedObjects (0ms)
			BackupInstance (0ms)
			ReleaseScriptingObjects (0ms)
			CreateAndSetChildDomain (6ms)
		EndReloadAssembly (664ms)
			LoadAssemblies (77ms)
			RebuildTransferFunctionScriptingTraits (0ms)
			SetupTypeCache (223ms)
			ReleaseScriptCaches (0ms)
			RebuildScriptCaches (38ms)
			SetupLoadedEditorAssemblies (255ms)
				LogAssemblyErrors (0ms)
				InitializePlatformSupportModulesInManaged (8ms)
				SetLoadedEditorAssemblies (0ms)
				RefreshPlugins (49ms)
				BeforeProcessingInitializeOnLoad (21ms)
				ProcessInitializeOnLoadAttributes (134ms)
				ProcessInitializeOnLoadMethodAttributes (42ms)
				AfterProcessingInitializeOnLoad (0ms)
				EditorAssembliesLoaded (0ms)
			ExecutionOrderSort2 (0ms)
			AwakeInstancesAfterBackupRestoration (0ms)
Platform modules already initialized, skipping
Registering precompiled user dll's ...
Registered in 0.015320 seconds.
Begin MonoManager ReloadAssembly
Native extension for WindowsStandalone target not found
Native extension for WebGL target not found
Refreshing native plugins compatible for Editor in 48.67 ms, found 3 plugins.
Preloading 0 native plugins for Editor in 0.00 ms.
Mono: successfully reloaded assembly
- Completed reload, in  3.210 seconds
Domain Reload Profiling:
	ReloadAssembly (3218ms)
		BeginReloadAssembly (226ms)
			ExecutionOrderSort (0ms)
			DisableScriptedObjects (12ms)
			BackupInstance (0ms)
			ReleaseScriptingObjects (0ms)
			CreateAndSetChildDomain (37ms)
		EndReloadAssembly (2916ms)
			LoadAssemblies (149ms)
			RebuildTransferFunctionScriptingTraits (0ms)
			SetupTypeCache (490ms)
			ReleaseScriptCaches (0ms)
			RebuildScriptCaches (60ms)
			SetupLoadedEditorAssemblies (2005ms)
				LogAssemblyErrors (0ms)
				InitializePlatformSupportModulesInManaged (13ms)
				SetLoadedEditorAssemblies (1ms)
				RefreshPlugins (49ms)
				BeforeProcessingInitializeOnLoad (105ms)
				ProcessInitializeOnLoadAttributes (616ms)
				ProcessInitializeOnLoadMethodAttributes (1208ms)
				AfterProcessingInitializeOnLoad (13ms)
				EditorAssembliesLoaded (0ms)
			ExecutionOrderSort2 (0ms)
			AwakeInstancesAfterBackupRestoration (16ms)
Platform modules already initialized, skipping
========================================================================
Worker process is ready to serve import requests
Launched and connected shader compiler UnityShaderCompiler.exe after 0.20 seconds
Refreshing native plugins compatible for Editor in 0.86 ms, found 3 plugins.
Preloading 0 native plugins for Editor in 0.00 ms.
Unloading 1567 Unused Serialized files (Serialized files now loaded: 0)
System memory in use before: 71.9 MB.
System memory in use after: 72.0 MB.

Unloading 37 unused Assets to reduce memory usage. Loaded Objects now: 2014.
Total: 4.716900 ms (FindLiveObjects: 0.397400 ms CreateObjectMapping: 0.130800 ms MarkObjects: 4.077500 ms  DeleteObjects: 0.109300 ms)

AssetImportParameters requested are different than current active one (requested -> active):
  custom:framework-win-MediaFoundation: 216162199b28c13a410421893ffa2e32 -> 
  custom:video-decoder-ogg-theora: a1e56fd34408186e4bbccfd4996cb3dc -> 
  custom:container-muxer-webm: aa71ff27fc2769a1b78a27578f13a17b -> 
  custom:container-demuxer-webm: 4f35f7cbe854078d1ac9338744f61a02 -> 
  custom:container-demuxer-ogg: 62fdf1f143b41e24485cea50d1cbac27 -> 
  custom:video-encoder-webm-vp8: eb34c28f22e8b96e1ab97ce403110664 -> 
  custom:video-codec-MediaFoundation-h265: 746d11721c4dcdbdad8f713fa42b33f4 -> 
  custom:video-decoder-webm-vp8: 9c59270c3fd7afecdb556c50c9e8de78 -> 
  custom:audio-decoder-ogg-vorbis: bf7c407c2cedff20999df2af8eb42d56 -> 
  custom:audio-encoder-webm-vorbis: bf7c407c2cedff20999df2af8eb42d56 -> 
========================================================================
Received Import Request.
  path: Assets/Photon
  artifactKey: Guid(0752e7f694c275942b1caeb4cd40af93) Importer(815301076,1909f56bfc062723c751e8b465ee728b)
Start importing Assets/Photon using Guid(0752e7f694c275942b1caeb4cd40af93) Importer(815301076,1909f56bfc062723c751e8b465ee728b)  -> (artifact id: '25786799d7a64d397a5730b197ef4804') in 0.014574 seconds 
  Import took 0.020524 seconds .

========================================================================
Received Import Request.
  Time since last request: 109.901284 seconds.
  path: Assets/Scenes
  artifactKey: Guid(9d38f2c72478b634e964ba87bb115a7d) Importer(815301076,1909f56bfc062723c751e8b465ee728b)
Start importing Assets/Scenes using Guid(9d38f2c72478b634e964ba87bb115a7d) Importer(815301076,1909f56bfc062723c751e8b465ee728b)  -> (artifact id: '1a6a2744a12d46afc9b9d6a37161c175') in 0.018520 seconds 
  Import took 0.024919 seconds .

========================================================================
Received Prepare
Registering precompiled user dll's ...
Registered in 0.017841 seconds.
Begin MonoManager ReloadAssembly
Native extension for WindowsStandalone target not found
Native extension for WebGL target not found
Refreshing native plugins compatible for Editor in 0.60 ms, found 3 plugins.
Preloading 0 native plugins for Editor in 0.00 ms.
Mono: successfully reloaded assembly
- Completed reload, in  1.907 seconds
Domain Reload Profiling:
	ReloadAssembly (1908ms)
		BeginReloadAssembly (164ms)
			ExecutionOrderSort (0ms)
			DisableScriptedObjects (8ms)
			BackupInstance (0ms)
			ReleaseScriptingObjects (0ms)
			CreateAndSetChildDomain (51ms)
		EndReloadAssembly (1655ms)
			LoadAssemblies (145ms)
			RebuildTransferFunctionScriptingTraits (0ms)
			SetupTypeCache (564ms)
			ReleaseScriptCaches (1ms)
			RebuildScriptCaches (62ms)
			SetupLoadedEditorAssemblies (693ms)
				LogAssemblyErrors (0ms)
				InitializePlatformSupportModulesInManaged (9ms)
				SetLoadedEditorAssemblies (1ms)
				RefreshPlugins (1ms)
				BeforeProcessingInitializeOnLoad (125ms)
				ProcessInitializeOnLoadAttributes (535ms)
				ProcessInitializeOnLoadMethodAttributes (11ms)
				AfterProcessingInitializeOnLoad (9ms)
				EditorAssembliesLoaded (1ms)
			ExecutionOrderSort2 (0ms)
			AwakeInstancesAfterBackupRestoration (11ms)
Platform modules already initialized, skipping
Refreshing native plugins compatible for Editor in 0.47 ms, found 3 plugins.
Preloading 0 native plugins for Editor in 0.00 ms.
Unloading 1559 Unused Serialized files (Serialized files now loaded: 0)
System memory in use before: 71.6 MB.
System memory in use after: 71.7 MB.

Unloading 32 unused Assets to reduce memory usage. Loaded Objects now: 2016.
Total: 4.133900 ms (FindLiveObjects: 0.340800 ms CreateObjectMapping: 0.070500 ms MarkObjects: 3.656200 ms  DeleteObjects: 0.065300 ms)

AssetImportParameters requested are different than current active one (requested -> active):
  custom:framework-win-MediaFoundation: 216162199b28c13a410421893ffa2e32 -> 
  custom:video-decoder-ogg-theora: a1e56fd34408186e4bbccfd4996cb3dc -> 
  custom:container-muxer-webm: aa71ff27fc2769a1b78a27578f13a17b -> 
  custom:container-demuxer-webm: 4f35f7cbe854078d1ac9338744f61a02 -> 
  custom:container-demuxer-ogg: 62fdf1f143b41e24485cea50d1cbac27 -> 
  custom:video-encoder-webm-vp8: eb34c28f22e8b96e1ab97ce403110664 -> 
  custom:video-codec-MediaFoundation-h265: 746d11721c4dcdbdad8f713fa42b33f4 -> 
  custom:video-decoder-webm-vp8: 9c59270c3fd7afecdb556c50c9e8de78 -> 
  custom:audio-decoder-ogg-vorbis: bf7c407c2cedff20999df2af8eb42d56 -> 
  custom:audio-encoder-webm-vorbis: bf7c407c2cedff20999df2af8eb42d56 -> 
========================================================================
Received Import Request.
  Time since last request: 1615.368834 seconds.
  path: Assets/Cartoon_Tank_Free/CTF_3dModel/СTF_TankFree.FBX
  artifactKey: Guid(3d210b2be9d4b9144b53828dfc2e73e3) Importer(815301076,1909f56bfc062723c751e8b465ee728b)
Start importing Assets/Cartoon_Tank_Free/CTF_3dModel/СTF_TankFree.FBX using Guid(3d210b2be9d4b9144b53828dfc2e73e3) Importer(815301076,1909f56bfc062723c751e8b465ee728b)  -> (artifact id: 'da2bc30a81a6853a714755422bb4cc28') in 1.186635 seconds 
  Import took 1.191644 seconds .

========================================================================
Received Import Request.
  Time since last request: 8.853008 seconds.
  path: Assets/Cartoon_Tank_Free/CTF_Prefabs/TankFree_Blue.prefab
  artifactKey: Guid(a30540c41d7d5ed4281d72b4916afb5e) Importer(815301076,1909f56bfc062723c751e8b465ee728b)
Start importing Assets/Cartoon_Tank_Free/CTF_Prefabs/TankFree_Blue.prefab using Guid(a30540c41d7d5ed4281d72b4916afb5e) Importer(815301076,1909f56bfc062723c751e8b465ee728b)  -> (artifact id: '5be04c29d6569ee1b604f4367b05c360') in 0.047126 seconds 
  Import took 0.052406 seconds .

========================================================================
Received Import Request.
  Time since last request: 2.393721 seconds.
  path: Assets/Cartoon_Tank_Free/CTF_Prefabs/TankFree_Green.prefab
  artifactKey: Guid(997823ade0e2fc249a876fa159f69cc3) Importer(815301076,1909f56bfc062723c751e8b465ee728b)
Start importing Assets/Cartoon_Tank_Free/CTF_Prefabs/TankFree_Green.prefab using Guid(997823ade0e2fc249a876fa159f69cc3) Importer(815301076,1909f56bfc062723c751e8b465ee728b)  -> (artifact id: 'af65052c88595b035e588bbf73efd8b6') in 0.051717 seconds 
  Import took 0.056626 seconds .

========================================================================
Received Import Request.
  Time since last request: 130.156220 seconds.
  path: Assets/Cartoon_Tank_Free/CTF_Prefabs/TankFree_Red.prefab
  artifactKey: Guid(dc84a58afe1344547a230a5cb3c072c8) Importer(815301076,1909f56bfc062723c751e8b465ee728b)
Start importing Assets/Cartoon_Tank_Free/CTF_Prefabs/TankFree_Red.prefab using Guid(dc84a58afe1344547a230a5cb3c072c8) Importer(815301076,1909f56bfc062723c751e8b465ee728b)  -> (artifact id: 'b007891c06186f126359e1013899cbcd') in 0.080734 seconds 
  Import took 0.086409 seconds .

========================================================================
Received Import Request.
  Time since last request: 1.043525 seconds.
  path: Assets/Cartoon_Tank_Free/CTF_Prefabs/TankFree_Yel.prefab
  artifactKey: Guid(ae98f3b2f9fb19e4dba07742ad8d6f4d) Importer(815301076,1909f56bfc062723c751e8b465ee728b)
Start importing Assets/Cartoon_Tank_Free/CTF_Prefabs/TankFree_Yel.prefab using Guid(ae98f3b2f9fb19e4dba07742ad8d6f4d) Importer(815301076,1909f56bfc062723c751e8b465ee728b)  -> (artifact id: 'fed59db29ffcfa7b47de77502b5f5d4a') in 0.047093 seconds 
  Import took 0.051379 seconds .

========================================================================
Received Import Request.
  Time since last request: 233.056202 seconds.
  path: Assets/Cartoon_Tank_Free/CTF_Prefabs/СTF_Platform.prefab
  artifactKey: Guid(3b88aee75b5676f49b77d52a1f4dd2d3) Importer(815301076,1909f56bfc062723c751e8b465ee728b)
Start importing Assets/Cartoon_Tank_Free/CTF_Prefabs/СTF_Platform.prefab using Guid(3b88aee75b5676f49b77d52a1f4dd2d3) Importer(815301076,1909f56bfc062723c751e8b465ee728b)  -> (artifact id: '7fa52ac1c4fb29fbde14c7768c2f85ef') in 0.069148 seconds 
  Import took 0.074706 seconds .

========================================================================
Received Import Request.
  Time since last request: 5.090685 seconds.
  path: Assets/Cartoon_Tank_Free/CTF_Prefabs/СTF_Missile_Yel.prefab
  artifactKey: Guid(ebc8ef3e1eaa76c44aacba4e5ec67bf4) Importer(815301076,1909f56bfc062723c751e8b465ee728b)
Start importing Assets/Cartoon_Tank_Free/CTF_Prefabs/СTF_Missile_Yel.prefab using Guid(ebc8ef3e1eaa76c44aacba4e5ec67bf4) Importer(815301076,1909f56bfc062723c751e8b465ee728b)  -> (artifact id: '067d2b482fa7cdbad65e17e44f323dbb') in 0.035335 seconds 
  Import took 0.041556 seconds .

========================================================================
Received Import Request.
  Time since last request: 2.005227 seconds.
  path: Assets/Cartoon_Tank_Free/CTF_Prefabs/СTF_Missile_Green.prefab
  artifactKey: Guid(7c10c31acbca29f459d7eaab559ebf9a) Importer(815301076,1909f56bfc062723c751e8b465ee728b)
Start importing Assets/Cartoon_Tank_Free/CTF_Prefabs/СTF_Missile_Green.prefab using Guid(7c10c31acbca29f459d7eaab559ebf9a) Importer(815301076,1909f56bfc062723c751e8b465ee728b)  -> (artifact id: 'd2725fd32d1d79069c918ed9a4e4ed3f') in 0.034163 seconds 
  Import took 0.042123 seconds .

========================================================================
Received Import Request.
  Time since last request: 1.416209 seconds.
  path: Assets/Cartoon_Tank_Free/CTF_Prefabs/СTF_Box_Yel.prefab
  artifactKey: Guid(0750a41b5ee01554cb8948fe758c4e12) Importer(815301076,1909f56bfc062723c751e8b465ee728b)
Start importing Assets/Cartoon_Tank_Free/CTF_Prefabs/СTF_Box_Yel.prefab using Guid(0750a41b5ee01554cb8948fe758c4e12) Importer(815301076,1909f56bfc062723c751e8b465ee728b)  -> (artifact id: '9901c9b3e54885c8db163322e9fc0193') in 0.036600 seconds 
  Import took 0.042764 seconds .

========================================================================
Received Import Request.
  Time since last request: 1.598269 seconds.
  path: Assets/Cartoon_Tank_Free/CTF_Prefabs/СTF_Box_Cap_Yel.prefab
  artifactKey: Guid(f1cd8cc0f34b5d84292e642626af1113) Importer(815301076,1909f56bfc062723c751e8b465ee728b)
Start importing Assets/Cartoon_Tank_Free/CTF_Prefabs/СTF_Box_Cap_Yel.prefab using Guid(f1cd8cc0f34b5d84292e642626af1113) Importer(815301076,1909f56bfc062723c751e8b465ee728b)  -> (artifact id: '842c1b9c8158f79a66891414f0823e55') in 0.043482 seconds 
  Import took 0.048557 seconds .

========================================================================
Received Import Request.
  Time since last request: 1.245130 seconds.
  path: Assets/Cartoon_Tank_Free/CTF_Prefabs/СTF_Box_Cap_Blue.prefab
  artifactKey: Guid(01aefc43126577342a914d6888b57a3b) Importer(815301076,1909f56bfc062723c751e8b465ee728b)
Start importing Assets/Cartoon_Tank_Free/CTF_Prefabs/СTF_Box_Cap_Blue.prefab using Guid(01aefc43126577342a914d6888b57a3b) Importer(815301076,1909f56bfc062723c751e8b465ee728b)  -> (artifact id: '0744f3f80daaa7bcb9619660b2569d12') in 0.042850 seconds 
  Import took 0.047085 seconds .

========================================================================
Received Import Request.
  Time since last request: 1.513787 seconds.
  path: Assets/Cartoon_Tank_Free/CTF_Prefabs/СTF_Box_Cap_Red.prefab
  artifactKey: Guid(3a9a807a94ca979478eb69a71a4e4855) Importer(815301076,1909f56bfc062723c751e8b465ee728b)
Start importing Assets/Cartoon_Tank_Free/CTF_Prefabs/СTF_Box_Cap_Red.prefab using Guid(3a9a807a94ca979478eb69a71a4e4855) Importer(815301076,1909f56bfc062723c751e8b465ee728b)  -> (artifact id: 'd88c88ece754d9cbc19708a9e6a86d2b') in 0.040398 seconds 
  Import took 0.044642 seconds .

========================================================================
Received Import Request.
  Time since last request: 0.721334 seconds.
  path: Assets/Cartoon_Tank_Free/CTF_Prefabs/СTF_Box_Green.prefab
  artifactKey: Guid(1d91a76fc1909bf42b2e2ce0b229ffa2) Importer(815301076,1909f56bfc062723c751e8b465ee728b)
Start importing Assets/Cartoon_Tank_Free/CTF_Prefabs/СTF_Box_Green.prefab using Guid(1d91a76fc1909bf42b2e2ce0b229ffa2) Importer(815301076,1909f56bfc062723c751e8b465ee728b)  -> (artifact id: '3d37d48576807000dc4979e9609db5f7') in 0.040240 seconds 
  Import took 0.044349 seconds .

========================================================================
Received Import Request.
  Time since last request: 0.434381 seconds.
  path: Assets/Cartoon_Tank_Free/CTF_Prefabs/СTF_Box_Red.prefab
  artifactKey: Guid(b53c2190eca85cd47aeb3a61670aad48) Importer(815301076,1909f56bfc062723c751e8b465ee728b)
Start importing Assets/Cartoon_Tank_Free/CTF_Prefabs/СTF_Box_Red.prefab using Guid(b53c2190eca85cd47aeb3a61670aad48) Importer(815301076,1909f56bfc062723c751e8b465ee728b)  -> (artifact id: 'a90c9a8e09b5b375c130cb526593d59b') in 0.031719 seconds 
  Import took 0.055020 seconds .

========================================================================
Received Import Request.
  Time since last request: 1.061113 seconds.
  path: Assets/Cartoon_Tank_Free/CTF_Prefabs/СTF_Box_Blue.prefab
  artifactKey: Guid(49ab7394bf48df74f9a2f51fd9d0c3b6) Importer(815301076,1909f56bfc062723c751e8b465ee728b)
Start importing Assets/Cartoon_Tank_Free/CTF_Prefabs/СTF_Box_Blue.prefab using Guid(49ab7394bf48df74f9a2f51fd9d0c3b6) Importer(815301076,1909f56bfc062723c751e8b465ee728b)  -> (artifact id: '0352c892a47eed81c3da795291a8f172') in 0.041795 seconds 
  Import took 0.047027 seconds .

========================================================================
Received Import Request.
  Time since last request: 0.528434 seconds.
  path: Assets/Cartoon_Tank_Free/CTF_Prefabs/СTF_Anti-tank_barrier.prefab
  artifactKey: Guid(58eb20c0dbdcb734fb4f212d3b2b342e) Importer(815301076,1909f56bfc062723c751e8b465ee728b)
Start importing Assets/Cartoon_Tank_Free/CTF_Prefabs/СTF_Anti-tank_barrier.prefab using Guid(58eb20c0dbdcb734fb4f212d3b2b342e) Importer(815301076,1909f56bfc062723c751e8b465ee728b)  -> (artifact id: 'bd7f37b6cd5c9d68c31dba4561b8dbe7') in 0.032954 seconds 
  Import took 0.038799 seconds .

========================================================================
Received Import Request.
  Time since last request: 148.501733 seconds.
  path: Assets/素材
  artifactKey: Guid(910af458993a68a4fb2a58185a07fac8) Importer(815301076,1909f56bfc062723c751e8b465ee728b)
Start importing Assets/素材 using Guid(910af458993a68a4fb2a58185a07fac8) Importer(815301076,1909f56bfc062723c751e8b465ee728b)  -> (artifact id: 'cc3ddaffdee351553a3e7a7ca671cc19') in 0.016530 seconds 
  Import took 0.023158 seconds .

========================================================================
Received Import Request.
  Time since last request: 68.662909 seconds.
  path: Assets/Cartoon_Tank_Free/CTF_3dModel
  artifactKey: Guid(a57ab0e3c282b314da21540f93625c1b) Importer(815301076,1909f56bfc062723c751e8b465ee728b)
Start importing Assets/Cartoon_Tank_Free/CTF_3dModel using Guid(a57ab0e3c282b314da21540f93625c1b) Importer(815301076,1909f56bfc062723c751e8b465ee728b)  -> (artifact id: '0647fd7fa0c598dcdd8800fb24827db4') in 0.015173 seconds 
  Import took 0.019440 seconds .

========================================================================
Received Import Request.
  Time since last request: 0.877997 seconds.
  path: Assets/Cartoon_Tank_Free/CTF_Prefabs
  artifactKey: Guid(fca7cad63f5a0cb428cdcac60f70d854) Importer(815301076,1909f56bfc062723c751e8b465ee728b)
Start importing Assets/Cartoon_Tank_Free/CTF_Prefabs using Guid(fca7cad63f5a0cb428cdcac60f70d854) Importer(815301076,1909f56bfc062723c751e8b465ee728b)  -> (artifact id: '05ba7fb5f87eb9ac4a2dc374bbf550de') in 0.011719 seconds 
  Import took 0.015592 seconds .

========================================================================
Received Import Request.
  Time since last request: 32.192895 seconds.
  path: Assets/Cartoon_Tank_Free/CTF_Materials
  artifactKey: Guid(62624b196fb7e6744965221eae462f7f) Importer(815301076,1909f56bfc062723c751e8b465ee728b)
Start importing Assets/Cartoon_Tank_Free/CTF_Materials using Guid(62624b196fb7e6744965221eae462f7f) Importer(815301076,1909f56bfc062723c751e8b465ee728b)  -> (artifact id: '79b52b8fedbfc1125cfca61926959e01') in 0.011922 seconds 
  Import took 0.016672 seconds .

========================================================================
Received Import Request.
  Time since last request: 80.161275 seconds.
  path: Assets/預製物
  artifactKey: Guid(30535224d29d0b04d94e6abd34af3337) Importer(815301076,1909f56bfc062723c751e8b465ee728b)
Start importing Assets/預製物 using Guid(30535224d29d0b04d94e6abd34af3337) Importer(815301076,1909f56bfc062723c751e8b465ee728b)  -> (artifact id: '128c737cfb12e85a10a31976082ff343') in 0.011422 seconds 
  Import took 0.015141 seconds .

========================================================================
Received Import Request.
  Time since last request: 15.253192 seconds.
  path: Assets/預製物/箱子 黃色.prefab
  artifactKey: Guid(982186593e42b5c419010983d4175c3a) Importer(815301076,1909f56bfc062723c751e8b465ee728b)
Start importing Assets/預製物/箱子 黃色.prefab using Guid(982186593e42b5c419010983d4175c3a) Importer(815301076,1909f56bfc062723c751e8b465ee728b)  -> (artifact id: '84bd5fbbf9e2b3befe73ca053fae1696') in 0.037667 seconds 
  Import took 0.043423 seconds .

========================================================================
Received Import Request.
  Time since last request: 615.066789 seconds.
  path: Assets/Scripts
  artifactKey: Guid(152d8339e939d394faf1cd9d70f57a0e) Importer(815301076,1909f56bfc062723c751e8b465ee728b)
Start importing Assets/Scripts using Guid(152d8339e939d394faf1cd9d70f57a0e) Importer(815301076,1909f56bfc062723c751e8b465ee728b)  -> (artifact id: '25a1b04ec6d54b760921a219b989fee5') in 0.016516 seconds 
  Import took 0.024782 seconds .

========================================================================
Received Import Request.
  Time since last request: 18.848036 seconds.
  path: Assets/Scripts/BasicSpawner.cs
  artifactKey: Guid(e050bc352556dc24384b18d864652448) Importer(815301076,1909f56bfc062723c751e8b465ee728b)
Start importing Assets/Scripts/BasicSpawner.cs using Guid(e050bc352556dc24384b18d864652448) Importer(815301076,1909f56bfc062723c751e8b465ee728b)  -> (artifact id: 'f7ad479bd2f8344c266c98a2d5b7020f') in 0.012758 seconds 
  Import took 0.017914 seconds .

========================================================================
Received Prepare
Registering precompiled user dll's ...
Registered in 0.090795 seconds.
Begin MonoManager ReloadAssembly
Native extension for WindowsStandalone target not found
Native extension for WebGL target not found
Refreshing native plugins compatible for Editor in 0.84 ms, found 3 plugins.
Preloading 0 native plugins for Editor in 0.00 ms.
Mono: successfully reloaded assembly
- Completed reload, in  2.059 seconds
Domain Reload Profiling:
	ReloadAssembly (2059ms)
		BeginReloadAssembly (224ms)
			ExecutionOrderSort (0ms)
			DisableScriptedObjects (10ms)
			BackupInstance (0ms)
			ReleaseScriptingObjects (0ms)
			CreateAndSetChildDomain (74ms)
		EndReloadAssembly (1718ms)
			LoadAssemblies (220ms)
			RebuildTransferFunctionScriptingTraits (0ms)
			SetupTypeCache (572ms)
			ReleaseScriptCaches (3ms)
			RebuildScriptCaches (61ms)
			SetupLoadedEditorAssemblies (663ms)
				LogAssemblyErrors (0ms)
				InitializePlatformSupportModulesInManaged (10ms)
				SetLoadedEditorAssemblies (1ms)
				RefreshPlugins (1ms)
				BeforeProcessingInitializeOnLoad (134ms)
				ProcessInitializeOnLoadAttributes (485ms)
				ProcessInitializeOnLoadMethodAttributes (20ms)
				AfterProcessingInitializeOnLoad (12ms)
				EditorAssembliesLoaded (0ms)
			ExecutionOrderSort2 (0ms)
			AwakeInstancesAfterBackupRestoration (11ms)
Platform modules already initialized, skipping
Refreshing native plugins compatible for Editor in 0.66 ms, found 3 plugins.
Preloading 0 native plugins for Editor in 0.00 ms.
Unloading 1560 Unused Serialized files (Serialized files now loaded: 0)
System memory in use before: 75.1 MB.
System memory in use after: 75.2 MB.

Unloading 33 unused Assets to reduce memory usage. Loaded Objects now: 2029.
Total: 5.650700 ms (FindLiveObjects: 0.467400 ms CreateObjectMapping: 0.265300 ms MarkObjects: 4.883400 ms  DeleteObjects: 0.032500 ms)

AssetImportParameters requested are different than current active one (requested -> active):
  custom:framework-win-MediaFoundation: 216162199b28c13a410421893ffa2e32 -> 
  custom:video-decoder-ogg-theora: a1e56fd34408186e4bbccfd4996cb3dc -> 
  custom:container-muxer-webm: aa71ff27fc2769a1b78a27578f13a17b -> 
  custom:container-demuxer-webm: 4f35f7cbe854078d1ac9338744f61a02 -> 
  custom:container-demuxer-ogg: 62fdf1f143b41e24485cea50d1cbac27 -> 
  custom:video-encoder-webm-vp8: eb34c28f22e8b96e1ab97ce403110664 -> 
  custom:video-codec-MediaFoundation-h265: 746d11721c4dcdbdad8f713fa42b33f4 -> 
  custom:video-decoder-webm-vp8: 9c59270c3fd7afecdb556c50c9e8de78 -> 
  custom:audio-decoder-ogg-vorbis: bf7c407c2cedff20999df2af8eb42d56 -> 
  custom:audio-encoder-webm-vorbis: bf7c407c2cedff20999df2af8eb42d56 -> 
========================================================================
Received Prepare
Registering precompiled user dll's ...
Registered in 0.019971 seconds.
Begin MonoManager ReloadAssembly
Native extension for WindowsStandalone target not found
Native extension for WebGL target not found
Refreshing native plugins compatible for Editor in 0.53 ms, found 3 plugins.
Preloading 0 native plugins for Editor in 0.00 ms.
Mono: successfully reloaded assembly
- Completed reload, in  1.680 seconds
Domain Reload Profiling:
	ReloadAssembly (1680ms)
		BeginReloadAssembly (162ms)
			ExecutionOrderSort (0ms)
			DisableScriptedObjects (6ms)
			BackupInstance (0ms)
			ReleaseScriptingObjects (0ms)
			CreateAndSetChildDomain (55ms)
		EndReloadAssembly (1421ms)
			LoadAssemblies (167ms)
			RebuildTransferFunctionScriptingTraits (0ms)
			SetupTypeCache (507ms)
			ReleaseScriptCaches (1ms)
			RebuildScriptCaches (73ms)
			SetupLoadedEditorAssemblies (529ms)
				LogAssemblyErrors (0ms)
				InitializePlatformSupportModulesInManaged (7ms)
				SetLoadedEditorAssemblies (1ms)
				RefreshPlugins (1ms)
				BeforeProcessingInitializeOnLoad (109ms)
				ProcessInitializeOnLoadAttributes (385ms)
				ProcessInitializeOnLoadMethodAttributes (11ms)
				AfterProcessingInitializeOnLoad (15ms)
				EditorAssembliesLoaded (0ms)
			ExecutionOrderSort2 (0ms)
			AwakeInstancesAfterBackupRestoration (11ms)
Platform modules already initialized, skipping
Refreshing native plugins compatible for Editor in 1.00 ms, found 3 plugins.
Preloading 0 native plugins for Editor in 0.00 ms.
Unloading 1560 Unused Serialized files (Serialized files now loaded: 0)
System memory in use before: 75.1 MB.
System memory in use after: 75.2 MB.

Unloading 32 unused Assets to reduce memory usage. Loaded Objects now: 2031.
Total: 8.115200 ms (FindLiveObjects: 0.203100 ms CreateObjectMapping: 0.051000 ms MarkObjects: 7.746200 ms  DeleteObjects: 0.113200 ms)

AssetImportParameters requested are different than current active one (requested -> active):
  custom:framework-win-MediaFoundation: 216162199b28c13a410421893ffa2e32 -> 
  custom:video-decoder-ogg-theora: a1e56fd34408186e4bbccfd4996cb3dc -> 
  custom:container-muxer-webm: aa71ff27fc2769a1b78a27578f13a17b -> 
  custom:container-demuxer-webm: 4f35f7cbe854078d1ac9338744f61a02 -> 
  custom:container-demuxer-ogg: 62fdf1f143b41e24485cea50d1cbac27 -> 
  custom:video-encoder-webm-vp8: eb34c28f22e8b96e1ab97ce403110664 -> 
  custom:video-codec-MediaFoundation-h265: 746d11721c4dcdbdad8f713fa42b33f4 -> 
  custom:video-decoder-webm-vp8: 9c59270c3fd7afecdb556c50c9e8de78 -> 
  custom:audio-decoder-ogg-vorbis: bf7c407c2cedff20999df2af8eb42d56 -> 
  custom:audio-encoder-webm-vorbis: bf7c407c2cedff20999df2af8eb42d56 -> 
========================================================================
Received Prepare
Registering precompiled user dll's ...
Registered in 0.016115 seconds.
Begin MonoManager ReloadAssembly
Native extension for WindowsStandalone target not found
Native extension for WebGL target not found
Refreshing native plugins compatible for Editor in 0.91 ms, found 3 plugins.
Preloading 0 native plugins for Editor in 0.00 ms.
Mono: successfully reloaded assembly
- Completed reload, in  2.002 seconds
Domain Reload Profiling:
	ReloadAssembly (2003ms)
		BeginReloadAssembly (192ms)
			ExecutionOrderSort (0ms)
			DisableScriptedObjects (15ms)
			BackupInstance (0ms)
			ReleaseScriptingObjects (0ms)
			CreateAndSetChildDomain (53ms)
		EndReloadAssembly (1705ms)
			LoadAssemblies (156ms)
			RebuildTransferFunctionScriptingTraits (0ms)
			SetupTypeCache (540ms)
			ReleaseScriptCaches (1ms)
			RebuildScriptCaches (82ms)
			SetupLoadedEditorAssemblies (720ms)
				LogAssemblyErrors (0ms)
				InitializePlatformSupportModulesInManaged (14ms)
				SetLoadedEditorAssemblies (5ms)
				RefreshPlugins (1ms)
				BeforeProcessingInitializeOnLoad (156ms)
				ProcessInitializeOnLoadAttributes (510ms)
				ProcessInitializeOnLoadMethodAttributes (19ms)
				AfterProcessingInitializeOnLoad (14ms)
				EditorAssembliesLoaded (1ms)
			ExecutionOrderSort2 (0ms)
			AwakeInstancesAfterBackupRestoration (10ms)
Platform modules already initialized, skipping
Refreshing native plugins compatible for Editor in 1.73 ms, found 3 plugins.
Preloading 0 native plugins for Editor in 0.00 ms.
Unloading 1560 Unused Serialized files (Serialized files now loaded: 0)
System memory in use before: 75.1 MB.
System memory in use after: 75.2 MB.

Unloading 32 unused Assets to reduce memory usage. Loaded Objects now: 2033.
Total: 7.408100 ms (FindLiveObjects: 0.266400 ms CreateObjectMapping: 0.094100 ms MarkObjects: 6.926800 ms  DeleteObjects: 0.115900 ms)

AssetImportParameters requested are different than current active one (requested -> active):
  custom:framework-win-MediaFoundation: 216162199b28c13a410421893ffa2e32 -> 
  custom:video-decoder-ogg-theora: a1e56fd34408186e4bbccfd4996cb3dc -> 
  custom:container-muxer-webm: aa71ff27fc2769a1b78a27578f13a17b -> 
  custom:container-demuxer-webm: 4f35f7cbe854078d1ac9338744f61a02 -> 
  custom:container-demuxer-ogg: 62fdf1f143b41e24485cea50d1cbac27 -> 
  custom:video-encoder-webm-vp8: eb34c28f22e8b96e1ab97ce403110664 -> 
  custom:video-codec-MediaFoundation-h265: 746d11721c4dcdbdad8f713fa42b33f4 -> 
  custom:video-decoder-webm-vp8: 9c59270c3fd7afecdb556c50c9e8de78 -> 
  custom:audio-decoder-ogg-vorbis: bf7c407c2cedff20999df2af8eb42d56 -> 
  custom:audio-encoder-webm-vorbis: bf7c407c2cedff20999df2af8eb42d56 -> 
========================================================================
Received Prepare
Registering precompiled user dll's ...
Registered in 0.018396 seconds.
Begin MonoManager ReloadAssembly
Native extension for WindowsStandalone target not found
Native extension for WebGL target not found
Refreshing native plugins compatible for Editor in 1.04 ms, found 3 plugins.
Preloading 0 native plugins for Editor in 0.00 ms.
Mono: successfully reloaded assembly
- Completed reload, in  1.532 seconds
Domain Reload Profiling:
	ReloadAssembly (1533ms)
		BeginReloadAssembly (137ms)
			ExecutionOrderSort (0ms)
			DisableScriptedObjects (7ms)
			BackupInstance (0ms)
			ReleaseScriptingObjects (0ms)
			CreateAndSetChildDomain (39ms)
		EndReloadAssembly (1304ms)
			LoadAssemblies (120ms)
			RebuildTransferFunctionScriptingTraits (0ms)
			SetupTypeCache (429ms)
			ReleaseScriptCaches (1ms)
			RebuildScriptCaches (82ms)
			SetupLoadedEditorAssemblies (470ms)
				LogAssemblyErrors (0ms)
				InitializePlatformSupportModulesInManaged (8ms)
				SetLoadedEditorAssemblies (1ms)
				RefreshPlugins (1ms)
				BeforeProcessingInitializeOnLoad (110ms)
				ProcessInitializeOnLoadAttributes (319ms)
				ProcessInitializeOnLoadMethodAttributes (12ms)
				AfterProcessingInitializeOnLoad (18ms)
				EditorAssembliesLoaded (1ms)
			ExecutionOrderSort2 (0ms)
			AwakeInstancesAfterBackupRestoration (22ms)
Platform modules already initialized, skipping
Refreshing native plugins compatible for Editor in 0.48 ms, found 3 plugins.
Preloading 0 native plugins for Editor in 0.00 ms.
Unloading 1560 Unused Serialized files (Serialized files now loaded: 0)
System memory in use before: 75.1 MB.
System memory in use after: 75.2 MB.

Unloading 32 unused Assets to reduce memory usage. Loaded Objects now: 2035.
Total: 3.894200 ms (FindLiveObjects: 0.185800 ms CreateObjectMapping: 0.057700 ms MarkObjects: 3.625900 ms  DeleteObjects: 0.023600 ms)

AssetImportParameters requested are different than current active one (requested -> active):
  custom:framework-win-MediaFoundation: 216162199b28c13a410421893ffa2e32 -> 
  custom:video-decoder-ogg-theora: a1e56fd34408186e4bbccfd4996cb3dc -> 
  custom:container-muxer-webm: aa71ff27fc2769a1b78a27578f13a17b -> 
  custom:container-demuxer-webm: 4f35f7cbe854078d1ac9338744f61a02 -> 
  custom:container-demuxer-ogg: 62fdf1f143b41e24485cea50d1cbac27 -> 
  custom:video-encoder-webm-vp8: eb34c28f22e8b96e1ab97ce403110664 -> 
  custom:video-codec-MediaFoundation-h265: 746d11721c4dcdbdad8f713fa42b33f4 -> 
  custom:video-decoder-webm-vp8: 9c59270c3fd7afecdb556c50c9e8de78 -> 
  custom:audio-decoder-ogg-vorbis: bf7c407c2cedff20999df2af8eb42d56 -> 
  custom:audio-encoder-webm-vorbis: bf7c407c2cedff20999df2af8eb42d56 -> 
========================================================================
Received Prepare
Registering precompiled user dll's ...
Registered in 0.018354 seconds.
Begin MonoManager ReloadAssembly
Native extension for WindowsStandalone target not found
Native extension for WebGL target not found
Refreshing native plugins compatible for Editor in 0.83 ms, found 3 plugins.
Preloading 0 native plugins for Editor in 0.00 ms.
Mono: successfully reloaded assembly
- Completed reload, in  1.820 seconds
Domain Reload Profiling:
	ReloadAssembly (1821ms)
		BeginReloadAssembly (207ms)
			ExecutionOrderSort (0ms)
			DisableScriptedObjects (7ms)
			BackupInstance (0ms)
			ReleaseScriptingObjects (0ms)
			CreateAndSetChildDomain (78ms)
		EndReloadAssembly (1522ms)
			LoadAssemblies (152ms)
			RebuildTransferFunctionScriptingTraits (0ms)
			SetupTypeCache (495ms)
			ReleaseScriptCaches (1ms)
			RebuildScriptCaches (82ms)
			SetupLoadedEditorAssemblies (628ms)
				LogAssemblyErrors (0ms)
				InitializePlatformSupportModulesInManaged (10ms)
				SetLoadedEditorAssemblies (2ms)
				RefreshPlugins (1ms)
				BeforeProcessingInitializeOnLoad (142ms)
				ProcessInitializeOnLoadAttributes (451ms)
				ProcessInitializeOnLoadMethodAttributes (11ms)
				AfterProcessingInitializeOnLoad (10ms)
				EditorAssembliesLoaded (0ms)
			ExecutionOrderSort2 (0ms)
			AwakeInstancesAfterBackupRestoration (8ms)
Platform modules already initialized, skipping
Refreshing native plugins compatible for Editor in 0.61 ms, found 3 plugins.
Preloading 0 native plugins for Editor in 0.00 ms.
Unloading 1560 Unused Serialized files (Serialized files now loaded: 0)
System memory in use before: 75.1 MB.
System memory in use after: 75.2 MB.

Unloading 32 unused Assets to reduce memory usage. Loaded Objects now: 2037.
Total: 4.210700 ms (FindLiveObjects: 0.177200 ms CreateObjectMapping: 0.097300 ms MarkObjects: 3.891400 ms  DeleteObjects: 0.043100 ms)

AssetImportParameters requested are different than current active one (requested -> active):
  custom:framework-win-MediaFoundation: 216162199b28c13a410421893ffa2e32 -> 
  custom:video-decoder-ogg-theora: a1e56fd34408186e4bbccfd4996cb3dc -> 
  custom:container-muxer-webm: aa71ff27fc2769a1b78a27578f13a17b -> 
  custom:container-demuxer-webm: 4f35f7cbe854078d1ac9338744f61a02 -> 
  custom:container-demuxer-ogg: 62fdf1f143b41e24485cea50d1cbac27 -> 
  custom:video-encoder-webm-vp8: eb34c28f22e8b96e1ab97ce403110664 -> 
  custom:video-codec-MediaFoundation-h265: 746d11721c4dcdbdad8f713fa42b33f4 -> 
  custom:video-decoder-webm-vp8: 9c59270c3fd7afecdb556c50c9e8de78 -> 
  custom:audio-decoder-ogg-vorbis: bf7c407c2cedff20999df2af8eb42d56 -> 
  custom:audio-encoder-webm-vorbis: bf7c407c2cedff20999df2af8eb42d56 -> 
========================================================================
Received Prepare
Registering precompiled user dll's ...
Registered in 0.014067 seconds.
Begin MonoManager ReloadAssembly
Native extension for WindowsStandalone target not found
Native extension for WebGL target not found
Refreshing native plugins compatible for Editor in 0.62 ms, found 3 plugins.
Preloading 0 native plugins for Editor in 0.00 ms.
Mono: successfully reloaded assembly
- Completed reload, in  1.414 seconds
Domain Reload Profiling:
	ReloadAssembly (1414ms)
		BeginReloadAssembly (143ms)
			ExecutionOrderSort (0ms)
			DisableScriptedObjects (8ms)
			BackupInstance (0ms)
			ReleaseScriptingObjects (0ms)
			CreateAndSetChildDomain (46ms)
		EndReloadAssembly (1165ms)
			LoadAssemblies (135ms)
			RebuildTransferFunctionScriptingTraits (0ms)
			SetupTypeCache (423ms)
			ReleaseScriptCaches (1ms)
			RebuildScriptCaches (44ms)
			SetupLoadedEditorAssemblies (434ms)
				LogAssemblyErrors (0ms)
				InitializePlatformSupportModulesInManaged (8ms)
				SetLoadedEditorAssemblies (1ms)
				RefreshPlugins (1ms)
				BeforeProcessingInitializeOnLoad (101ms)
				ProcessInitializeOnLoadAttributes (307ms)
				ProcessInitializeOnLoadMethodAttributes (8ms)
				AfterProcessingInitializeOnLoad (9ms)
				EditorAssembliesLoaded (0ms)
			ExecutionOrderSort2 (0ms)
			AwakeInstancesAfterBackupRestoration (7ms)
Platform modules already initialized, skipping
Refreshing native plugins compatible for Editor in 0.50 ms, found 3 plugins.
Preloading 0 native plugins for Editor in 0.00 ms.
Unloading 1560 Unused Serialized files (Serialized files now loaded: 0)
System memory in use before: 75.1 MB.
System memory in use after: 75.2 MB.

Unloading 32 unused Assets to reduce memory usage. Loaded Objects now: 2039.
Total: 3.389100 ms (FindLiveObjects: 0.156900 ms CreateObjectMapping: 0.042500 ms MarkObjects: 3.111900 ms  DeleteObjects: 0.076900 ms)

AssetImportParameters requested are different than current active one (requested -> active):
  custom:framework-win-MediaFoundation: 216162199b28c13a410421893ffa2e32 -> 
  custom:video-decoder-ogg-theora: a1e56fd34408186e4bbccfd4996cb3dc -> 
  custom:container-muxer-webm: aa71ff27fc2769a1b78a27578f13a17b -> 
  custom:container-demuxer-webm: 4f35f7cbe854078d1ac9338744f61a02 -> 
  custom:container-demuxer-ogg: 62fdf1f143b41e24485cea50d1cbac27 -> 
  custom:video-encoder-webm-vp8: eb34c28f22e8b96e1ab97ce403110664 -> 
  custom:video-codec-MediaFoundation-h265: 746d11721c4dcdbdad8f713fa42b33f4 -> 
  custom:video-decoder-webm-vp8: 9c59270c3fd7afecdb556c50c9e8de78 -> 
  custom:audio-decoder-ogg-vorbis: bf7c407c2cedff20999df2af8eb42d56 -> 
  custom:audio-encoder-webm-vorbis: bf7c407c2cedff20999df2af8eb42d56 -> 
========================================================================
Received Prepare
Registering precompiled user dll's ...
Registered in 0.014519 seconds.
Begin MonoManager ReloadAssembly
Native extension for WindowsStandalone target not found
Native extension for WebGL target not found
Refreshing native plugins compatible for Editor in 0.97 ms, found 3 plugins.
Preloading 0 native plugins for Editor in 0.00 ms.
Mono: successfully reloaded assembly
- Completed reload, in  1.428 seconds
Domain Reload Profiling:
	ReloadAssembly (1429ms)
		BeginReloadAssembly (145ms)
			ExecutionOrderSort (0ms)
			DisableScriptedObjects (8ms)
			BackupInstance (0ms)
			ReleaseScriptingObjects (0ms)
			CreateAndSetChildDomain (40ms)
		EndReloadAssembly (1208ms)
			LoadAssemblies (125ms)
			RebuildTransferFunctionScriptingTraits (0ms)
			SetupTypeCache (380ms)
			ReleaseScriptCaches (1ms)
			RebuildScriptCaches (47ms)
			SetupLoadedEditorAssemblies (532ms)
				LogAssemblyErrors (0ms)
				InitializePlatformSupportModulesInManaged (15ms)
				SetLoadedEditorAssemblies (1ms)
				RefreshPlugins (1ms)
				BeforeProcessingInitializeOnLoad (155ms)
				ProcessInitializeOnLoadAttributes (343ms)
				ProcessInitializeOnLoadMethodAttributes (8ms)
				AfterProcessingInitializeOnLoad (10ms)
				EditorAssembliesLoaded (0ms)
			ExecutionOrderSort2 (0ms)
			AwakeInstancesAfterBackupRestoration (9ms)
Platform modules already initialized, skipping
Refreshing native plugins compatible for Editor in 0.58 ms, found 3 plugins.
Preloading 0 native plugins for Editor in 0.00 ms.
Unloading 1560 Unused Serialized files (Serialized files now loaded: 0)
System memory in use before: 75.1 MB.
System memory in use after: 75.2 MB.

Unloading 32 unused Assets to reduce memory usage. Loaded Objects now: 2041.
Total: 5.161000 ms (FindLiveObjects: 0.256000 ms CreateObjectMapping: 0.067600 ms MarkObjects: 4.753900 ms  DeleteObjects: 0.082100 ms)

AssetImportParameters requested are different than current active one (requested -> active):
  custom:framework-win-MediaFoundation: 216162199b28c13a410421893ffa2e32 -> 
  custom:video-decoder-ogg-theora: a1e56fd34408186e4bbccfd4996cb3dc -> 
  custom:container-muxer-webm: aa71ff27fc2769a1b78a27578f13a17b -> 
  custom:container-demuxer-webm: 4f35f7cbe854078d1ac9338744f61a02 -> 
  custom:container-demuxer-ogg: 62fdf1f143b41e24485cea50d1cbac27 -> 
  custom:video-encoder-webm-vp8: eb34c28f22e8b96e1ab97ce403110664 -> 
  custom:video-codec-MediaFoundation-h265: 746d11721c4dcdbdad8f713fa42b33f4 -> 
  custom:video-decoder-webm-vp8: 9c59270c3fd7afecdb556c50c9e8de78 -> 
  custom:audio-decoder-ogg-vorbis: bf7c407c2cedff20999df2af8eb42d56 -> 
  custom:audio-encoder-webm-vorbis: bf7c407c2cedff20999df2af8eb42d56 -> 
